21-Feb-2022 09:20:06.218 INFO [main] org.apache.catalina.startup.VersionLoggerListener.log Server version:        Apache Tomcat/8.5.24
21-Feb-2022 09:20:06.218 INFO [main] org.apache.catalina.startup.VersionLoggerListener.log Server built:          Nov 27 2017 13:05:30 UTC
21-Feb-2022 09:20:06.218 INFO [main] org.apache.catalina.startup.VersionLoggerListener.log Server number:         8.5.24.0
21-Feb-2022 09:20:06.218 INFO [main] org.apache.catalina.startup.VersionLoggerListener.log OS Name:               Windows 10
21-Feb-2022 09:20:06.218 INFO [main] org.apache.catalina.startup.VersionLoggerListener.log OS Version:            10.0
21-Feb-2022 09:20:06.218 INFO [main] org.apache.catalina.startup.VersionLoggerListener.log Architecture:          x86
21-Feb-2022 09:20:06.218 INFO [main] org.apache.catalina.startup.VersionLoggerListener.log Java Home:             D:\Java8_curso20\jdk1.8.0_131\jre
21-Feb-2022 09:20:06.218 INFO [main] org.apache.catalina.startup.VersionLoggerListener.log JVM Version:           1.8.0_131-b11
21-Feb-2022 09:20:06.218 INFO [main] org.apache.catalina.startup.VersionLoggerListener.log JVM Vendor:            Oracle Corporation
21-Feb-2022 09:20:06.218 INFO [main] org.apache.catalina.startup.VersionLoggerListener.log CATALINA_BASE:         D:\Java8_curso20\apache-tomcat-8.5.24
21-Feb-2022 09:20:06.218 INFO [main] org.apache.catalina.startup.VersionLoggerListener.log CATALINA_HOME:         D:\Java8_curso20\apache-tomcat-8.5.24
21-Feb-2022 09:20:06.218 INFO [main] org.apache.catalina.startup.VersionLoggerListener.log Command line argument: -Djava.util.logging.config.file=D:\Java8_curso20\apache-tomcat-8.5.24\conf\logging.properties
21-Feb-2022 09:20:06.218 INFO [main] org.apache.catalina.startup.VersionLoggerListener.log Command line argument: -Djava.util.logging.manager=org.apache.juli.ClassLoaderLogManager
21-Feb-2022 09:20:06.218 INFO [main] org.apache.catalina.startup.VersionLoggerListener.log Command line argument: -Djdk.tls.ephemeralDHKeySize=2048
21-Feb-2022 09:20:06.218 INFO [main] org.apache.catalina.startup.VersionLoggerListener.log Command line argument: -Djava.protocol.handler.pkgs=org.apache.catalina.webresources
21-Feb-2022 09:20:06.218 INFO [main] org.apache.catalina.startup.VersionLoggerListener.log Command line argument: -Dignore.endorsed.dirs=
21-Feb-2022 09:20:06.218 INFO [main] org.apache.catalina.startup.VersionLoggerListener.log Command line argument: -Dcatalina.base=D:\Java8_curso20\apache-tomcat-8.5.24
21-Feb-2022 09:20:06.218 INFO [main] org.apache.catalina.startup.VersionLoggerListener.log Command line argument: -Dcatalina.home=D:\Java8_curso20\apache-tomcat-8.5.24
21-Feb-2022 09:20:06.228 INFO [main] org.apache.catalina.startup.VersionLoggerListener.log Command line argument: -Djava.io.tmpdir=D:\Java8_curso20\apache-tomcat-8.5.24\temp
21-Feb-2022 09:20:06.228 INFO [main] org.apache.catalina.core.AprLifecycleListener.lifecycleEvent The APR based Apache Tomcat Native library which allows optimal performance in production environments was not found on the java.library.path: [D:\Java8_curso20\jdk1.8.0_131\bin;C:\WINDOWS\Sun\Java\bin;C:\WINDOWS\system32;C:\WINDOWS;D:\Java8_curso20\jdk1.8.0_131\bin;D:\Java8_curso20\jdk1.8.0_131\db\bin;D:\Java8_curso20\squirrelsql-4.0.0-standard;D:\Java8_curso20\apache-tomcat-8.5.24\bin;C:\Program Files (x86)\NVIDIA Corporation\PhysX\Common;C:\Program Files (x86)\VMware\VMware Player\bin\;C:\Program Files\IBM\ILOG\CPLEX_Studio1210\opl\bin\x64_win64;C:\Program Files\IBM\ILOG\CPLEX_Studio1210\opl\oplide\;C:\Program Files\IBM\ILOG\CPLEX_Studio1210\cplex\bin\x64_win64;C:\Program Files\IBM\ILOG\CPLEX_Studio1210\cpoptimizer\bin\x64_win64;C:\Program Files\AdoptOpenJDK\jdk-8.0.252.09-hotspot\bin;C:\WINDOWS\system32;C:\WINDOWS;C:\WINDOWS\System32\Wbem;C:\WINDOWS\System32\WindowsPowerShell\v1.0\;C:\WINDOWS\System32\OpenSSH\;C:\Program Files\dotnet\;C:\Program Files\Microsoft SQL Server\130\Tools\Binn\;C:\Program Files\MATLAB\R2021a\runtime\win64;C:\Program Files\MATLAB\R2021a\bin;C:\Program Files (x86)\dotnet\;C:\Program Files\MATLAB\R2019a\bin;C:\Program Files\MiKTeX\miktex\bin\x64\;C:\Program Files (x86)\National Instruments\Shared\LabVIEW CLI;C:\Program Files (x86)\IVI Foundation\IVI\bin;C:\Program Files\IVI Foundation\IVI\bin;C:\Program Files (x86)\IVI Foundation\VISA\WinNT\Bin\;C:\Program Files\IVI Foundation\VISA\Win64\Bin\;C:\Program Files (x86)\IVI Foundation\VISA\WinNT\Bin;C:\Program Files\PuTTY\;C:\Program Files\Microsoft SQL Server\Client SDK\ODBC\110\Tools\Binn\;C:\Program Files (x86)\Microsoft SQL Server\120\Tools\Binn\;C:\Program Files\Microsoft SQL Server\120\Tools\Binn\;C:\Program Files\Microsoft SQL Server\120\DTS\Binn\;C:\Program Files (x86)\Windows Kits\8.1\Windows Performance Toolkit\;C:\Program Files\Git\cmd;C:\Program Files\TortoiseSVN\bin;C:\Program Files\Microsoft VS Code\bin;C:\Users\jhernantes\AppData\Local\Microsoft\WindowsApps;;.]
21-Feb-2022 09:20:06.598 INFO [main] org.apache.coyote.AbstractProtocol.init Initializing ProtocolHandler ["http-nio-8082"]
21-Feb-2022 09:20:16.573 INFO [main] org.apache.tomcat.util.net.NioSelectorPool.getSharedSelector Using a shared selector for servlet write/read
21-Feb-2022 09:20:16.583 INFO [main] org.apache.coyote.AbstractProtocol.init Initializing ProtocolHandler ["ajp-nio-8009"]
21-Feb-2022 09:20:16.583 INFO [main] org.apache.tomcat.util.net.NioSelectorPool.getSharedSelector Using a shared selector for servlet write/read
21-Feb-2022 09:20:16.583 INFO [main] org.apache.catalina.startup.Catalina.load Initialization processed in 11092 ms
21-Feb-2022 09:20:16.653 INFO [main] org.apache.catalina.core.StandardService.startInternal Starting service [Catalina]
21-Feb-2022 09:20:16.653 INFO [main] org.apache.catalina.core.StandardEngine.startInternal Starting Servlet Engine: Apache Tomcat/8.5.24
21-Feb-2022 09:20:16.672 INFO [localhost-startStop-1] org.apache.catalina.startup.HostConfig.deployDirectory Deploying web application directory [D:\Java8_curso20\apache-tomcat-8.5.24\webapps\docs]
21-Feb-2022 09:20:17.022 INFO [localhost-startStop-1] org.apache.jasper.servlet.TldScanner.scanJars At least one JAR was scanned for TLDs yet contained no TLDs. Enable debug logging for this logger for a complete list of JARs that were scanned but no TLDs were found in them. Skipping unneeded JARs during scanning can improve startup time and JSP compilation time.
21-Feb-2022 09:20:17.092 INFO [localhost-startStop-1] org.apache.catalina.startup.HostConfig.deployDirectory Deployment of web application directory [D:\Java8_curso20\apache-tomcat-8.5.24\webapps\docs] has finished in [410] ms
21-Feb-2022 09:20:17.092 INFO [localhost-startStop-1] org.apache.catalina.startup.HostConfig.deployDirectory Deploying web application directory [D:\Java8_curso20\apache-tomcat-8.5.24\webapps\examples]
21-Feb-2022 09:20:20.704 INFO [localhost-startStop-1] org.apache.jasper.servlet.TldScanner.scanJars At least one JAR was scanned for TLDs yet contained no TLDs. Enable debug logging for this logger for a complete list of JARs that were scanned but no TLDs were found in them. Skipping unneeded JARs during scanning can improve startup time and JSP compilation time.
21-Feb-2022 09:20:20.783 INFO [localhost-startStop-1] org.apache.catalina.startup.HostConfig.deployDirectory Deployment of web application directory [D:\Java8_curso20\apache-tomcat-8.5.24\webapps\examples] has finished in [3,691] ms
21-Feb-2022 09:20:20.783 INFO [localhost-startStop-1] org.apache.catalina.startup.HostConfig.deployDirectory Deploying web application directory [D:\Java8_curso20\apache-tomcat-8.5.24\webapps\host-manager]
21-Feb-2022 09:20:20.853 INFO [localhost-startStop-1] org.apache.jasper.servlet.TldScanner.scanJars At least one JAR was scanned for TLDs yet contained no TLDs. Enable debug logging for this logger for a complete list of JARs that were scanned but no TLDs were found in them. Skipping unneeded JARs during scanning can improve startup time and JSP compilation time.
21-Feb-2022 09:20:20.853 INFO [localhost-startStop-1] org.apache.catalina.startup.HostConfig.deployDirectory Deployment of web application directory [D:\Java8_curso20\apache-tomcat-8.5.24\webapps\host-manager] has finished in [70] ms
21-Feb-2022 09:20:20.853 INFO [localhost-startStop-1] org.apache.catalina.startup.HostConfig.deployDirectory Deploying web application directory [D:\Java8_curso20\apache-tomcat-8.5.24\webapps\manager]
21-Feb-2022 09:20:20.903 INFO [localhost-startStop-1] org.apache.jasper.servlet.TldScanner.scanJars At least one JAR was scanned for TLDs yet contained no TLDs. Enable debug logging for this logger for a complete list of JARs that were scanned but no TLDs were found in them. Skipping unneeded JARs during scanning can improve startup time and JSP compilation time.
21-Feb-2022 09:20:20.903 INFO [localhost-startStop-1] org.apache.catalina.startup.HostConfig.deployDirectory Deployment of web application directory [D:\Java8_curso20\apache-tomcat-8.5.24\webapps\manager] has finished in [50] ms
21-Feb-2022 09:20:20.903 INFO [localhost-startStop-1] org.apache.catalina.startup.HostConfig.deployDirectory Deploying web application directory [D:\Java8_curso20\apache-tomcat-8.5.24\webapps\ROOT]
21-Feb-2022 09:20:21.073 INFO [localhost-startStop-1] org.apache.jasper.servlet.TldScanner.scanJars At least one JAR was scanned for TLDs yet contained no TLDs. Enable debug logging for this logger for a complete list of JARs that were scanned but no TLDs were found in them. Skipping unneeded JARs during scanning can improve startup time and JSP compilation time.
21-Feb-2022 09:20:21.073 INFO [localhost-startStop-1] org.apache.catalina.startup.HostConfig.deployDirectory Deployment of web application directory [D:\Java8_curso20\apache-tomcat-8.5.24\webapps\ROOT] has finished in [170] ms
21-Feb-2022 09:20:21.073 INFO [localhost-startStop-1] org.apache.catalina.startup.HostConfig.deployDirectory Deploying web application directory [D:\Java8_curso20\apache-tomcat-8.5.24\webapps\SE2020_02_18]
21-Feb-2022 09:20:21.113 INFO [localhost-startStop-1] org.apache.jasper.servlet.TldScanner.scanJars At least one JAR was scanned for TLDs yet contained no TLDs. Enable debug logging for this logger for a complete list of JARs that were scanned but no TLDs were found in them. Skipping unneeded JARs during scanning can improve startup time and JSP compilation time.
21-Feb-2022 09:20:21.123 INFO [localhost-startStop-1] org.apache.catalina.startup.HostConfig.deployDirectory Deployment of web application directory [D:\Java8_curso20\apache-tomcat-8.5.24\webapps\SE2020_02_18] has finished in [50] ms
21-Feb-2022 09:20:21.123 INFO [main] org.apache.coyote.AbstractProtocol.start Starting ProtocolHandler ["http-nio-8082"]
21-Feb-2022 09:20:21.133 INFO [main] org.apache.coyote.AbstractProtocol.start Starting ProtocolHandler ["ajp-nio-8009"]
21-Feb-2022 09:20:21.133 INFO [main] org.apache.catalina.startup.Catalina.start Server startup in 4560 ms
21-Feb-2022 09:24:37.895 INFO [main] org.apache.catalina.startup.VersionLoggerListener.log Server version:        Apache Tomcat/8.5.24
21-Feb-2022 09:24:37.905 INFO [main] org.apache.catalina.startup.VersionLoggerListener.log Server built:          Nov 27 2017 13:05:30 UTC
21-Feb-2022 09:24:37.905 INFO [main] org.apache.catalina.startup.VersionLoggerListener.log Server number:         8.5.24.0
21-Feb-2022 09:24:37.905 INFO [main] org.apache.catalina.startup.VersionLoggerListener.log OS Name:               Windows 10
21-Feb-2022 09:24:37.905 INFO [main] org.apache.catalina.startup.VersionLoggerListener.log OS Version:            10.0
21-Feb-2022 09:24:37.905 INFO [main] org.apache.catalina.startup.VersionLoggerListener.log Architecture:          x86
21-Feb-2022 09:24:37.905 INFO [main] org.apache.catalina.startup.VersionLoggerListener.log Java Home:             D:\Java8_curso20\jdk1.8.0_131\jre
21-Feb-2022 09:24:37.905 INFO [main] org.apache.catalina.startup.VersionLoggerListener.log JVM Version:           1.8.0_131-b11
21-Feb-2022 09:24:37.905 INFO [main] org.apache.catalina.startup.VersionLoggerListener.log JVM Vendor:            Oracle Corporation
21-Feb-2022 09:24:37.905 INFO [main] org.apache.catalina.startup.VersionLoggerListener.log CATALINA_BASE:         D:\Java8_curso20\apache-tomcat-8.5.24
21-Feb-2022 09:24:37.905 INFO [main] org.apache.catalina.startup.VersionLoggerListener.log CATALINA_HOME:         D:\Java8_curso20\apache-tomcat-8.5.24
21-Feb-2022 09:24:37.905 INFO [main] org.apache.catalina.startup.VersionLoggerListener.log Command line argument: -Djava.util.logging.config.file=D:\Java8_curso20\apache-tomcat-8.5.24\conf\logging.properties
21-Feb-2022 09:24:37.905 INFO [main] org.apache.catalina.startup.VersionLoggerListener.log Command line argument: -Djava.util.logging.manager=org.apache.juli.ClassLoaderLogManager
21-Feb-2022 09:24:37.905 INFO [main] org.apache.catalina.startup.VersionLoggerListener.log Command line argument: -Djdk.tls.ephemeralDHKeySize=2048
21-Feb-2022 09:24:37.905 INFO [main] org.apache.catalina.startup.VersionLoggerListener.log Command line argument: -Djava.protocol.handler.pkgs=org.apache.catalina.webresources
21-Feb-2022 09:24:37.905 INFO [main] org.apache.catalina.startup.VersionLoggerListener.log Command line argument: -Dignore.endorsed.dirs=
21-Feb-2022 09:24:37.905 INFO [main] org.apache.catalina.startup.VersionLoggerListener.log Command line argument: -Dcatalina.base=D:\Java8_curso20\apache-tomcat-8.5.24
21-Feb-2022 09:24:37.905 INFO [main] org.apache.catalina.startup.VersionLoggerListener.log Command line argument: -Dcatalina.home=D:\Java8_curso20\apache-tomcat-8.5.24
21-Feb-2022 09:24:37.905 INFO [main] org.apache.catalina.startup.VersionLoggerListener.log Command line argument: -Djava.io.tmpdir=D:\Java8_curso20\apache-tomcat-8.5.24\temp
21-Feb-2022 09:24:37.905 INFO [main] org.apache.catalina.core.AprLifecycleListener.lifecycleEvent The APR based Apache Tomcat Native library which allows optimal performance in production environments was not found on the java.library.path: [D:\Java8_curso20\jdk1.8.0_131\bin;C:\WINDOWS\Sun\Java\bin;C:\WINDOWS\system32;C:\WINDOWS;D:\Java8_curso20\jdk1.8.0_131\bin;D:\Java8_curso20\jdk1.8.0_131\db\bin;D:\Java8_curso20\squirrelsql-4.0.0-standard;D:\Java8_curso20\apache-tomcat-8.5.24\bin;C:\Program Files (x86)\NVIDIA Corporation\PhysX\Common;C:\Program Files (x86)\VMware\VMware Player\bin\;C:\Program Files\IBM\ILOG\CPLEX_Studio1210\opl\bin\x64_win64;C:\Program Files\IBM\ILOG\CPLEX_Studio1210\opl\oplide\;C:\Program Files\IBM\ILOG\CPLEX_Studio1210\cplex\bin\x64_win64;C:\Program Files\IBM\ILOG\CPLEX_Studio1210\cpoptimizer\bin\x64_win64;C:\Program Files\AdoptOpenJDK\jdk-8.0.252.09-hotspot\bin;C:\WINDOWS\system32;C:\WINDOWS;C:\WINDOWS\System32\Wbem;C:\WINDOWS\System32\WindowsPowerShell\v1.0\;C:\WINDOWS\System32\OpenSSH\;C:\Program Files\dotnet\;C:\Program Files\Microsoft SQL Server\130\Tools\Binn\;C:\Program Files\MATLAB\R2021a\runtime\win64;C:\Program Files\MATLAB\R2021a\bin;C:\Program Files (x86)\dotnet\;C:\Program Files\MATLAB\R2019a\bin;C:\Program Files\MiKTeX\miktex\bin\x64\;C:\Program Files (x86)\National Instruments\Shared\LabVIEW CLI;C:\Program Files (x86)\IVI Foundation\IVI\bin;C:\Program Files\IVI Foundation\IVI\bin;C:\Program Files (x86)\IVI Foundation\VISA\WinNT\Bin\;C:\Program Files\IVI Foundation\VISA\Win64\Bin\;C:\Program Files (x86)\IVI Foundation\VISA\WinNT\Bin;C:\Program Files\PuTTY\;C:\Program Files\Microsoft SQL Server\Client SDK\ODBC\110\Tools\Binn\;C:\Program Files (x86)\Microsoft SQL Server\120\Tools\Binn\;C:\Program Files\Microsoft SQL Server\120\Tools\Binn\;C:\Program Files\Microsoft SQL Server\120\DTS\Binn\;C:\Program Files (x86)\Windows Kits\8.1\Windows Performance Toolkit\;C:\Program Files\Git\cmd;C:\Program Files\TortoiseSVN\bin;C:\Program Files\Microsoft VS Code\bin;C:\Users\jhernantes\AppData\Local\Microsoft\WindowsApps;;.]
21-Feb-2022 09:24:38.206 INFO [main] org.apache.coyote.AbstractProtocol.init Initializing ProtocolHandler ["http-nio-8082"]
21-Feb-2022 09:24:43.417 INFO [main] org.apache.tomcat.util.net.NioSelectorPool.getSharedSelector Using a shared selector for servlet write/read
21-Feb-2022 09:24:43.427 INFO [main] org.apache.coyote.AbstractProtocol.init Initializing ProtocolHandler ["ajp-nio-8009"]
21-Feb-2022 09:24:43.437 INFO [main] org.apache.tomcat.util.net.NioSelectorPool.getSharedSelector Using a shared selector for servlet write/read
21-Feb-2022 09:24:43.437 INFO [main] org.apache.catalina.startup.Catalina.load Initialization processed in 6263 ms
21-Feb-2022 09:24:43.477 INFO [main] org.apache.catalina.core.StandardService.startInternal Starting service [Catalina]
21-Feb-2022 09:24:43.477 INFO [main] org.apache.catalina.core.StandardEngine.startInternal Starting Servlet Engine: Apache Tomcat/8.5.24
21-Feb-2022 09:24:43.497 INFO [localhost-startStop-1] org.apache.catalina.startup.HostConfig.deployDirectory Deploying web application directory [D:\Java8_curso20\apache-tomcat-8.5.24\webapps\docs]
21-Feb-2022 09:24:43.927 INFO [localhost-startStop-1] org.apache.jasper.servlet.TldScanner.scanJars At least one JAR was scanned for TLDs yet contained no TLDs. Enable debug logging for this logger for a complete list of JARs that were scanned but no TLDs were found in them. Skipping unneeded JARs during scanning can improve startup time and JSP compilation time.
21-Feb-2022 09:24:44.020 INFO [localhost-startStop-1] org.apache.catalina.startup.HostConfig.deployDirectory Deployment of web application directory [D:\Java8_curso20\apache-tomcat-8.5.24\webapps\docs] has finished in [520] ms
21-Feb-2022 09:24:44.020 INFO [localhost-startStop-1] org.apache.catalina.startup.HostConfig.deployDirectory Deploying web application directory [D:\Java8_curso20\apache-tomcat-8.5.24\webapps\examples]
21-Feb-2022 09:24:44.344 INFO [localhost-startStop-1] org.apache.jasper.servlet.TldScanner.scanJars At least one JAR was scanned for TLDs yet contained no TLDs. Enable debug logging for this logger for a complete list of JARs that were scanned but no TLDs were found in them. Skipping unneeded JARs during scanning can improve startup time and JSP compilation time.
21-Feb-2022 09:24:44.384 INFO [localhost-startStop-1] org.apache.catalina.startup.HostConfig.deployDirectory Deployment of web application directory [D:\Java8_curso20\apache-tomcat-8.5.24\webapps\examples] has finished in [364] ms
21-Feb-2022 09:24:44.384 INFO [localhost-startStop-1] org.apache.catalina.startup.HostConfig.deployDirectory Deploying web application directory [D:\Java8_curso20\apache-tomcat-8.5.24\webapps\host-manager]
21-Feb-2022 09:24:44.424 INFO [localhost-startStop-1] org.apache.jasper.servlet.TldScanner.scanJars At least one JAR was scanned for TLDs yet contained no TLDs. Enable debug logging for this logger for a complete list of JARs that were scanned but no TLDs were found in them. Skipping unneeded JARs during scanning can improve startup time and JSP compilation time.
21-Feb-2022 09:24:44.424 INFO [localhost-startStop-1] org.apache.catalina.startup.HostConfig.deployDirectory Deployment of web application directory [D:\Java8_curso20\apache-tomcat-8.5.24\webapps\host-manager] has finished in [40] ms
21-Feb-2022 09:24:44.424 INFO [localhost-startStop-1] org.apache.catalina.startup.HostConfig.deployDirectory Deploying web application directory [D:\Java8_curso20\apache-tomcat-8.5.24\webapps\manager]
21-Feb-2022 09:24:44.454 INFO [localhost-startStop-1] org.apache.jasper.servlet.TldScanner.scanJars At least one JAR was scanned for TLDs yet contained no TLDs. Enable debug logging for this logger for a complete list of JARs that were scanned but no TLDs were found in them. Skipping unneeded JARs during scanning can improve startup time and JSP compilation time.
21-Feb-2022 09:24:44.454 INFO [localhost-startStop-1] org.apache.catalina.startup.HostConfig.deployDirectory Deployment of web application directory [D:\Java8_curso20\apache-tomcat-8.5.24\webapps\manager] has finished in [30] ms
21-Feb-2022 09:24:44.454 INFO [localhost-startStop-1] org.apache.catalina.startup.HostConfig.deployDirectory Deploying web application directory [D:\Java8_curso20\apache-tomcat-8.5.24\webapps\northbrick3]
21-Feb-2022 09:24:44.864 INFO [localhost-startStop-1] org.apache.jasper.servlet.TldScanner.scanJars At least one JAR was scanned for TLDs yet contained no TLDs. Enable debug logging for this logger for a complete list of JARs that were scanned but no TLDs were found in them. Skipping unneeded JARs during scanning can improve startup time and JSP compilation time.
21-Feb-2022 09:24:44.874 INFO [localhost-startStop-1] org.apache.catalina.startup.HostConfig.deployDirectory Deployment of web application directory [D:\Java8_curso20\apache-tomcat-8.5.24\webapps\northbrick3] has finished in [420] ms
21-Feb-2022 09:24:44.874 INFO [localhost-startStop-1] org.apache.catalina.startup.HostConfig.deployDirectory Deploying web application directory [D:\Java8_curso20\apache-tomcat-8.5.24\webapps\ROOT]
21-Feb-2022 09:24:44.914 INFO [localhost-startStop-1] org.apache.jasper.servlet.TldScanner.scanJars At least one JAR was scanned for TLDs yet contained no TLDs. Enable debug logging for this logger for a complete list of JARs that were scanned but no TLDs were found in them. Skipping unneeded JARs during scanning can improve startup time and JSP compilation time.
21-Feb-2022 09:24:44.914 INFO [localhost-startStop-1] org.apache.catalina.startup.HostConfig.deployDirectory Deployment of web application directory [D:\Java8_curso20\apache-tomcat-8.5.24\webapps\ROOT] has finished in [40] ms
21-Feb-2022 09:24:44.914 INFO [localhost-startStop-1] org.apache.catalina.startup.HostConfig.deployDirectory Deploying web application directory [D:\Java8_curso20\apache-tomcat-8.5.24\webapps\SE2020_02_18]
21-Feb-2022 09:24:44.944 INFO [localhost-startStop-1] org.apache.jasper.servlet.TldScanner.scanJars At least one JAR was scanned for TLDs yet contained no TLDs. Enable debug logging for this logger for a complete list of JARs that were scanned but no TLDs were found in them. Skipping unneeded JARs during scanning can improve startup time and JSP compilation time.
21-Feb-2022 09:24:44.944 INFO [localhost-startStop-1] org.apache.catalina.startup.HostConfig.deployDirectory Deployment of web application directory [D:\Java8_curso20\apache-tomcat-8.5.24\webapps\SE2020_02_18] has finished in [30] ms
21-Feb-2022 09:24:44.954 INFO [main] org.apache.coyote.AbstractProtocol.start Starting ProtocolHandler ["http-nio-8082"]
21-Feb-2022 09:24:44.964 INFO [main] org.apache.coyote.AbstractProtocol.start Starting ProtocolHandler ["ajp-nio-8009"]
21-Feb-2022 09:24:44.964 INFO [main] org.apache.catalina.startup.Catalina.start Server startup in 1532 ms
