08-Jan-2018 15:08:28.547 INFO [main] org.apache.catalina.startup.VersionLoggerListener.log Server version:        Apache Tomcat/8.5.24
08-Jan-2018 15:08:28.563 INFO [main] org.apache.catalina.startup.VersionLoggerListener.log Server built:          Nov 27 2017 13:05:30 UTC
08-Jan-2018 15:08:28.563 INFO [main] org.apache.catalina.startup.VersionLoggerListener.log Server number:         8.5.24.0
08-Jan-2018 15:08:28.563 INFO [main] org.apache.catalina.startup.VersionLoggerListener.log OS Name:               Windows 8
08-Jan-2018 15:08:28.563 INFO [main] org.apache.catalina.startup.VersionLoggerListener.log OS Version:            6.2
08-Jan-2018 15:08:28.563 INFO [main] org.apache.catalina.startup.VersionLoggerListener.log Architecture:          amd64
08-Jan-2018 15:08:28.563 INFO [main] org.apache.catalina.startup.VersionLoggerListener.log Java Home:             Q:\Java\jdk1.7.0_51\jre
08-Jan-2018 15:08:28.563 INFO [main] org.apache.catalina.startup.VersionLoggerListener.log JVM Version:           1.7.0_51-b13
08-Jan-2018 15:08:28.563 INFO [main] org.apache.catalina.startup.VersionLoggerListener.log JVM Vendor:            Oracle Corporation
08-Jan-2018 15:08:28.563 INFO [main] org.apache.catalina.startup.VersionLoggerListener.log CATALINA_BASE:         Q:\Java\apache-tomcat-8.5.24
08-Jan-2018 15:08:28.563 INFO [main] org.apache.catalina.startup.VersionLoggerListener.log CATALINA_HOME:         Q:\Java\apache-tomcat-8.5.24
08-Jan-2018 15:08:28.578 INFO [main] org.apache.catalina.startup.VersionLoggerListener.log Command line argument: -Djava.util.logging.config.file=Q:\Java\apache-tomcat-8.5.24\conf\logging.properties
08-Jan-2018 15:08:28.578 INFO [main] org.apache.catalina.startup.VersionLoggerListener.log Command line argument: -Djava.util.logging.manager=org.apache.juli.ClassLoaderLogManager
08-Jan-2018 15:08:28.578 INFO [main] org.apache.catalina.startup.VersionLoggerListener.log Command line argument: -Djdk.tls.ephemeralDHKeySize=2048
08-Jan-2018 15:08:28.578 INFO [main] org.apache.catalina.startup.VersionLoggerListener.log Command line argument: -Djava.protocol.handler.pkgs=org.apache.catalina.webresources
08-Jan-2018 15:08:28.578 INFO [main] org.apache.catalina.startup.VersionLoggerListener.log Command line argument: -Dignore.endorsed.dirs=
08-Jan-2018 15:08:28.578 INFO [main] org.apache.catalina.startup.VersionLoggerListener.log Command line argument: -Dcatalina.base=Q:\Java\apache-tomcat-8.5.24
08-Jan-2018 15:08:28.578 INFO [main] org.apache.catalina.startup.VersionLoggerListener.log Command line argument: -Dcatalina.home=Q:\Java\apache-tomcat-8.5.24
08-Jan-2018 15:08:28.578 INFO [main] org.apache.catalina.startup.VersionLoggerListener.log Command line argument: -Djava.io.tmpdir=Q:\Java\apache-tomcat-8.5.24\temp
08-Jan-2018 15:08:28.578 INFO [main] org.apache.catalina.core.AprLifecycleListener.lifecycleEvent The APR based Apache Tomcat Native library which allows optimal performance in production environments was not found on the java.library.path: [Q:\Java\jdk1.7.0_51\bin;C:\Windows\Sun\Java\bin;C:\Windows\system32;C:\Windows;Q:\Java\jdk1.7.0_51\bin;Q:\Java\apache-tomcat-8.5.24\bin;C:\Program Files (x86)\NVIDIA Corporation\PhysX\Common;C:\PROGRA~1\PTC\UTILIT~1\MKSTOO~1\bin64;C:\PROGRA~1\PTC\UTILIT~1\MKSTOO~1\bin;C:\PROGRA~1\PTC\UTILIT~1\MKSTOO~1\bin\X11;C:\PROGRA~1\PTC\UTILIT~1\MKSTOO~1\mksnt;C:\Windows\system32;C:\Windows;C:\Windows\System32\Wbem;C:\Windows\System32\WindowsPowerShell\v1.0\;C:\Programs\OpenSim 3.3\bin;C:\ProgramData\Oracle\Java\javapath;C:\Program Files\IBM\ILOG\CPLEX_Studio1261\opl\bin\x64_win64;C:\Program Files\IBM\ILOG\CPLEX_Studio1261\opl\oplide\;C:\Program Files\IBM\ILOG\CPLEX_Studio1261\cplex\bin\x64_win64;C:\Program Files\IBM\ILOG\CPLEX_Studio1261\cpoptimizer\bin\x64_win64;C:\Program Files (x86)\QuickTime\QTSystem\;C:\Program Files\MATLAB\R2017a\runtime\win64;C:\Program Files\MATLAB\R2017a\bin;C:\Program Files\Microsoft\Web Platform Installer\;C:\Program Files (x86)\Microsoft ASP.NET\ASP.NET Web Pages\v1.0\;C:\Program Files (x86)\Windows Kits\8.0\Windows Performance Toolkit\;C:\Program Files\Microsoft SQL Server\110\Tools\Binn\;C:\Program Files\Git\cmd;C:\Program Files (x86)\MiKTeX 2.9\miktex\bin\;C:\Program Files (x86)\LyX 2.2\Perl\bin;C:\Programs\Dwimperl\perl\bin;C:\Programs\Dwimperl\perl\site\bin;C:\Programs\Dwimperl\c\bin;C:\Program Files\PuTTY\;C:\Program Files\SAP\SAP Business One DI API\JCO\LIB\;C:\Program Files\SAP\SAP Business One DI API\DI API 90;C:\Program Files\SAP\SAP Business One\;C:\Program Files\TortoiseSVN\bin;C:\Program Files (x86)\Windows Kits\8.1\Windows Performance Toolkit\;C:\Users\nserrano\AppData\Local\Microsoft\WindowsApps;;.]
08-Jan-2018 15:08:29.987 INFO [main] org.apache.coyote.AbstractProtocol.init Initializing ProtocolHandler ["http-nio-8080"]
08-Jan-2018 15:08:30.347 INFO [main] org.apache.tomcat.util.net.NioSelectorPool.getSharedSelector Using a shared selector for servlet write/read
08-Jan-2018 15:08:30.378 INFO [main] org.apache.coyote.AbstractProtocol.init Initializing ProtocolHandler ["ajp-nio-8009"]
08-Jan-2018 15:08:30.378 INFO [main] org.apache.tomcat.util.net.NioSelectorPool.getSharedSelector Using a shared selector for servlet write/read
08-Jan-2018 15:08:30.393 INFO [main] org.apache.catalina.startup.Catalina.load Initialization processed in 4189 ms
08-Jan-2018 15:08:30.518 INFO [main] org.apache.catalina.core.StandardService.startInternal Starting service [Catalina]
08-Jan-2018 15:08:30.518 INFO [main] org.apache.catalina.core.StandardEngine.startInternal Starting Servlet Engine: Apache Tomcat/8.5.24
08-Jan-2018 15:08:30.565 INFO [localhost-startStop-1] org.apache.catalina.startup.HostConfig.deployDirectory Deploying web application directory [Q:\Java\apache-tomcat-8.5.24\webapps\docs]
08-Jan-2018 15:08:37.294 WARNING [localhost-startStop-1] org.apache.catalina.util.SessionIdGeneratorBase.createSecureRandom Creation of SecureRandom instance for session ID generation using [SHA1PRNG] took [5,311] milliseconds.
08-Jan-2018 15:08:37.372 INFO [localhost-startStop-1] org.apache.catalina.startup.HostConfig.deployDirectory Deployment of web application directory [Q:\Java\apache-tomcat-8.5.24\webapps\docs] has finished in [6,807] ms
08-Jan-2018 15:08:37.372 INFO [localhost-startStop-1] org.apache.catalina.startup.HostConfig.deployDirectory Deploying web application directory [Q:\Java\apache-tomcat-8.5.24\webapps\examples]
08-Jan-2018 15:08:40.723 INFO [localhost-startStop-1] org.apache.catalina.startup.HostConfig.deployDirectory Deployment of web application directory [Q:\Java\apache-tomcat-8.5.24\webapps\examples] has finished in [3,351] ms
08-Jan-2018 15:08:40.723 INFO [localhost-startStop-1] org.apache.catalina.startup.HostConfig.deployDirectory Deploying web application directory [Q:\Java\apache-tomcat-8.5.24\webapps\host-manager]
08-Jan-2018 15:08:41.035 INFO [localhost-startStop-1] org.apache.catalina.startup.HostConfig.deployDirectory Deployment of web application directory [Q:\Java\apache-tomcat-8.5.24\webapps\host-manager] has finished in [312] ms
08-Jan-2018 15:08:41.035 INFO [localhost-startStop-1] org.apache.catalina.startup.HostConfig.deployDirectory Deploying web application directory [Q:\Java\apache-tomcat-8.5.24\webapps\manager]
08-Jan-2018 15:08:41.206 INFO [localhost-startStop-1] org.apache.catalina.startup.HostConfig.deployDirectory Deployment of web application directory [Q:\Java\apache-tomcat-8.5.24\webapps\manager] has finished in [171] ms
08-Jan-2018 15:08:41.206 INFO [localhost-startStop-1] org.apache.catalina.startup.HostConfig.deployDirectory Deploying web application directory [Q:\Java\apache-tomcat-8.5.24\webapps\ROOT]
08-Jan-2018 15:08:41.378 INFO [localhost-startStop-1] org.apache.catalina.startup.HostConfig.deployDirectory Deployment of web application directory [Q:\Java\apache-tomcat-8.5.24\webapps\ROOT] has finished in [172] ms
08-Jan-2018 15:08:41.378 INFO [main] org.apache.coyote.AbstractProtocol.start Starting ProtocolHandler ["http-nio-8080"]
08-Jan-2018 15:08:41.393 INFO [main] org.apache.coyote.AbstractProtocol.start Starting ProtocolHandler ["ajp-nio-8009"]
08-Jan-2018 15:08:41.393 INFO [main] org.apache.catalina.startup.Catalina.start Server startup in 11033 ms
08-Jan-2018 15:08:54.411 INFO [main] org.apache.catalina.core.StandardServer.await A valid shutdown command was received via the shutdown port. Stopping the Server instance.
08-Jan-2018 15:08:54.411 INFO [main] org.apache.coyote.AbstractProtocol.pause Pausing ProtocolHandler ["http-nio-8080"]
08-Jan-2018 15:08:54.520 INFO [main] org.apache.coyote.AbstractProtocol.pause Pausing ProtocolHandler ["ajp-nio-8009"]
08-Jan-2018 15:08:54.614 INFO [main] org.apache.catalina.core.StandardService.stopInternal Stopping service [Catalina]
08-Jan-2018 15:08:54.803 WARNING [localhost-startStop-2] org.apache.catalina.loader.WebappClassLoaderBase.clearReferencesThreads The web application [docs] appears to have started a thread named [SeedGenerator Thread] but has failed to stop it. This is very likely to create a memory leak. Stack trace of thread:
 java.lang.Object.wait(Native Method)
 java.lang.Object.wait(Object.java:503)
 sun.security.provider.SeedGenerator$ThreadedSeedGenerator.run(SeedGenerator.java:296)
 java.lang.Thread.run(Thread.java:744)
08-Jan-2018 15:08:54.818 INFO [main] org.apache.coyote.AbstractProtocol.stop Stopping ProtocolHandler ["http-nio-8080"]
08-Jan-2018 15:08:54.818 INFO [main] org.apache.coyote.AbstractProtocol.stop Stopping ProtocolHandler ["ajp-nio-8009"]
08-Jan-2018 15:08:54.818 INFO [main] org.apache.coyote.AbstractProtocol.destroy Destroying ProtocolHandler ["http-nio-8080"]
08-Jan-2018 15:08:54.818 INFO [main] org.apache.coyote.AbstractProtocol.destroy Destroying ProtocolHandler ["ajp-nio-8009"]
08-Jan-2018 15:13:09.142 INFO [main] org.apache.catalina.startup.VersionLoggerListener.log Server version:        Apache Tomcat/8.5.24
08-Jan-2018 15:13:09.142 INFO [main] org.apache.catalina.startup.VersionLoggerListener.log Server built:          Nov 27 2017 13:05:30 UTC
08-Jan-2018 15:13:09.142 INFO [main] org.apache.catalina.startup.VersionLoggerListener.log Server number:         8.5.24.0
08-Jan-2018 15:13:09.142 INFO [main] org.apache.catalina.startup.VersionLoggerListener.log OS Name:               Windows 8
08-Jan-2018 15:13:09.142 INFO [main] org.apache.catalina.startup.VersionLoggerListener.log OS Version:            6.2
08-Jan-2018 15:13:09.142 INFO [main] org.apache.catalina.startup.VersionLoggerListener.log Architecture:          amd64
08-Jan-2018 15:13:09.142 INFO [main] org.apache.catalina.startup.VersionLoggerListener.log Java Home:             Q:\Java\jdk1.7.0_51\jre
08-Jan-2018 15:13:09.142 INFO [main] org.apache.catalina.startup.VersionLoggerListener.log JVM Version:           1.7.0_51-b13
08-Jan-2018 15:13:09.142 INFO [main] org.apache.catalina.startup.VersionLoggerListener.log JVM Vendor:            Oracle Corporation
08-Jan-2018 15:13:09.142 INFO [main] org.apache.catalina.startup.VersionLoggerListener.log CATALINA_BASE:         Q:\Java\apache-tomcat-8.5.24
08-Jan-2018 15:13:09.142 INFO [main] org.apache.catalina.startup.VersionLoggerListener.log CATALINA_HOME:         Q:\Java\apache-tomcat-8.5.24
08-Jan-2018 15:13:09.142 INFO [main] org.apache.catalina.startup.VersionLoggerListener.log Command line argument: -Djava.util.logging.config.file=Q:\Java\apache-tomcat-8.5.24\conf\logging.properties
08-Jan-2018 15:13:09.142 INFO [main] org.apache.catalina.startup.VersionLoggerListener.log Command line argument: -Djava.util.logging.manager=org.apache.juli.ClassLoaderLogManager
08-Jan-2018 15:13:09.142 INFO [main] org.apache.catalina.startup.VersionLoggerListener.log Command line argument: -Djdk.tls.ephemeralDHKeySize=2048
08-Jan-2018 15:13:09.142 INFO [main] org.apache.catalina.startup.VersionLoggerListener.log Command line argument: -Djava.protocol.handler.pkgs=org.apache.catalina.webresources
08-Jan-2018 15:13:09.142 INFO [main] org.apache.catalina.startup.VersionLoggerListener.log Command line argument: -Dignore.endorsed.dirs=
08-Jan-2018 15:13:09.142 INFO [main] org.apache.catalina.startup.VersionLoggerListener.log Command line argument: -Dcatalina.base=Q:\Java\apache-tomcat-8.5.24
08-Jan-2018 15:13:09.142 INFO [main] org.apache.catalina.startup.VersionLoggerListener.log Command line argument: -Dcatalina.home=Q:\Java\apache-tomcat-8.5.24
08-Jan-2018 15:13:09.142 INFO [main] org.apache.catalina.startup.VersionLoggerListener.log Command line argument: -Djava.io.tmpdir=Q:\Java\apache-tomcat-8.5.24\temp
08-Jan-2018 15:13:09.142 INFO [main] org.apache.catalina.core.AprLifecycleListener.lifecycleEvent The APR based Apache Tomcat Native library which allows optimal performance in production environments was not found on the java.library.path: [Q:\Java\jdk1.7.0_51\bin;C:\Windows\Sun\Java\bin;C:\Windows\system32;C:\Windows;Q:\Java\jdk1.7.0_51\bin;Q:\Java\apache-tomcat-8.5.24\bin;Q:\Java\jdk1.7.0_51\bin;Q:\Java\apache-tomcat-8.5.24\bin;C:\Program Files (x86)\NVIDIA Corporation\PhysX\Common;C:\PROGRA~1\PTC\UTILIT~1\MKSTOO~1\bin64;C:\PROGRA~1\PTC\UTILIT~1\MKSTOO~1\bin;C:\PROGRA~1\PTC\UTILIT~1\MKSTOO~1\bin\X11;C:\PROGRA~1\PTC\UTILIT~1\MKSTOO~1\mksnt;C:\Windows\system32;C:\Windows;C:\Windows\System32\Wbem;C:\Windows\System32\WindowsPowerShell\v1.0\;C:\Programs\OpenSim 3.3\bin;C:\ProgramData\Oracle\Java\javapath;C:\Program Files\IBM\ILOG\CPLEX_Studio1261\opl\bin\x64_win64;C:\Program Files\IBM\ILOG\CPLEX_Studio1261\opl\oplide\;C:\Program Files\IBM\ILOG\CPLEX_Studio1261\cplex\bin\x64_win64;C:\Program Files\IBM\ILOG\CPLEX_Studio1261\cpoptimizer\bin\x64_win64;C:\Program Files (x86)\QuickTime\QTSystem\;C:\Program Files\MATLAB\R2017a\runtime\win64;C:\Program Files\MATLAB\R2017a\bin;C:\Program Files\Microsoft\Web Platform Installer\;C:\Program Files (x86)\Microsoft ASP.NET\ASP.NET Web Pages\v1.0\;C:\Program Files (x86)\Windows Kits\8.0\Windows Performance Toolkit\;C:\Program Files\Microsoft SQL Server\110\Tools\Binn\;C:\Program Files\Git\cmd;C:\Program Files (x86)\MiKTeX 2.9\miktex\bin\;C:\Program Files (x86)\LyX 2.2\Perl\bin;C:\Programs\Dwimperl\perl\bin;C:\Programs\Dwimperl\perl\site\bin;C:\Programs\Dwimperl\c\bin;C:\Program Files\PuTTY\;C:\Program Files\SAP\SAP Business One DI API\JCO\LIB\;C:\Program Files\SAP\SAP Business One DI API\DI API 90;C:\Program Files\SAP\SAP Business One\;C:\Program Files\TortoiseSVN\bin;C:\Program Files (x86)\Windows Kits\8.1\Windows Performance Toolkit\;C:\Users\nserrano\AppData\Local\Microsoft\WindowsApps;;.]
08-Jan-2018 15:13:09.289 INFO [main] org.apache.coyote.AbstractProtocol.init Initializing ProtocolHandler ["http-nio-8080"]
08-Jan-2018 15:13:09.307 INFO [main] org.apache.tomcat.util.net.NioSelectorPool.getSharedSelector Using a shared selector for servlet write/read
08-Jan-2018 15:13:09.307 INFO [main] org.apache.coyote.AbstractProtocol.init Initializing ProtocolHandler ["ajp-nio-8009"]
08-Jan-2018 15:13:09.322 INFO [main] org.apache.tomcat.util.net.NioSelectorPool.getSharedSelector Using a shared selector for servlet write/read
08-Jan-2018 15:13:09.322 INFO [main] org.apache.catalina.startup.Catalina.load Initialization processed in 593 ms
08-Jan-2018 15:13:09.369 INFO [main] org.apache.catalina.core.StandardService.startInternal Starting service [Catalina]
08-Jan-2018 15:13:09.369 INFO [main] org.apache.catalina.core.StandardEngine.startInternal Starting Servlet Engine: Apache Tomcat/8.5.24
08-Jan-2018 15:13:09.400 INFO [localhost-startStop-1] org.apache.catalina.startup.HostConfig.deployDirectory Deploying web application directory [Q:\Java\apache-tomcat-8.5.24\webapps\docs]
08-Jan-2018 15:13:14.912 WARNING [localhost-startStop-1] org.apache.catalina.util.SessionIdGeneratorBase.createSecureRandom Creation of SecureRandom instance for session ID generation using [SHA1PRNG] took [5,024] milliseconds.
08-Jan-2018 15:13:14.959 INFO [localhost-startStop-1] org.apache.catalina.startup.HostConfig.deployDirectory Deployment of web application directory [Q:\Java\apache-tomcat-8.5.24\webapps\docs] has finished in [5,559] ms
08-Jan-2018 15:13:14.959 INFO [localhost-startStop-1] org.apache.catalina.startup.HostConfig.deployDirectory Deploying web application directory [Q:\Java\apache-tomcat-8.5.24\webapps\examples]
08-Jan-2018 15:13:18.311 INFO [localhost-startStop-1] org.apache.catalina.startup.HostConfig.deployDirectory Deployment of web application directory [Q:\Java\apache-tomcat-8.5.24\webapps\examples] has finished in [3,352] ms
08-Jan-2018 15:13:18.311 INFO [localhost-startStop-1] org.apache.catalina.startup.HostConfig.deployDirectory Deploying web application directory [Q:\Java\apache-tomcat-8.5.24\webapps\host-manager]
08-Jan-2018 15:13:18.504 INFO [localhost-startStop-1] org.apache.catalina.startup.HostConfig.deployDirectory Deployment of web application directory [Q:\Java\apache-tomcat-8.5.24\webapps\host-manager] has finished in [193] ms
08-Jan-2018 15:13:18.504 INFO [localhost-startStop-1] org.apache.catalina.startup.HostConfig.deployDirectory Deploying web application directory [Q:\Java\apache-tomcat-8.5.24\webapps\manager]
08-Jan-2018 15:13:18.688 INFO [localhost-startStop-1] org.apache.catalina.startup.HostConfig.deployDirectory Deployment of web application directory [Q:\Java\apache-tomcat-8.5.24\webapps\manager] has finished in [184] ms
08-Jan-2018 15:13:18.688 INFO [localhost-startStop-1] org.apache.catalina.startup.HostConfig.deployDirectory Deploying web application directory [Q:\Java\apache-tomcat-8.5.24\webapps\ROOT]
08-Jan-2018 15:13:18.828 INFO [localhost-startStop-1] org.apache.catalina.startup.HostConfig.deployDirectory Deployment of web application directory [Q:\Java\apache-tomcat-8.5.24\webapps\ROOT] has finished in [140] ms
08-Jan-2018 15:13:18.828 INFO [main] org.apache.coyote.AbstractProtocol.start Starting ProtocolHandler ["http-nio-8080"]
08-Jan-2018 15:13:18.844 INFO [main] org.apache.coyote.AbstractProtocol.start Starting ProtocolHandler ["ajp-nio-8009"]
08-Jan-2018 15:13:18.844 INFO [main] org.apache.catalina.startup.Catalina.start Server startup in 9529 ms
08-Jan-2018 15:14:56.517 INFO [main] org.apache.catalina.core.StandardServer.await A valid shutdown command was received via the shutdown port. Stopping the Server instance.
08-Jan-2018 15:14:56.517 INFO [main] org.apache.coyote.AbstractProtocol.pause Pausing ProtocolHandler ["http-nio-8080"]
08-Jan-2018 15:14:56.626 INFO [main] org.apache.coyote.AbstractProtocol.pause Pausing ProtocolHandler ["ajp-nio-8009"]
08-Jan-2018 15:14:56.704 INFO [main] org.apache.catalina.core.StandardService.stopInternal Stopping service [Catalina]
08-Jan-2018 15:14:56.720 WARNING [localhost-startStop-2] org.apache.catalina.loader.WebappClassLoaderBase.clearReferencesThreads The web application [docs] appears to have started a thread named [SeedGenerator Thread] but has failed to stop it. This is very likely to create a memory leak. Stack trace of thread:
 java.lang.Object.wait(Native Method)
 java.lang.Object.wait(Object.java:503)
 sun.security.provider.SeedGenerator$ThreadedSeedGenerator.run(SeedGenerator.java:296)
 java.lang.Thread.run(Thread.java:744)
08-Jan-2018 15:14:56.736 INFO [main] org.apache.coyote.AbstractProtocol.stop Stopping ProtocolHandler ["http-nio-8080"]
08-Jan-2018 15:14:56.736 INFO [main] org.apache.coyote.AbstractProtocol.stop Stopping ProtocolHandler ["ajp-nio-8009"]
08-Jan-2018 15:14:56.736 INFO [main] org.apache.coyote.AbstractProtocol.destroy Destroying ProtocolHandler ["http-nio-8080"]
08-Jan-2018 15:14:56.736 INFO [main] org.apache.coyote.AbstractProtocol.destroy Destroying ProtocolHandler ["ajp-nio-8009"]
08-Jan-2018 15:16:42.946 INFO [main] org.apache.catalina.startup.VersionLoggerListener.log Server version:        Apache Tomcat/8.5.24
08-Jan-2018 15:16:42.962 INFO [main] org.apache.catalina.startup.VersionLoggerListener.log Server built:          Nov 27 2017 13:05:30 UTC
08-Jan-2018 15:16:42.962 INFO [main] org.apache.catalina.startup.VersionLoggerListener.log Server number:         8.5.24.0
08-Jan-2018 15:16:42.962 INFO [main] org.apache.catalina.startup.VersionLoggerListener.log OS Name:               Windows 8
08-Jan-2018 15:16:42.962 INFO [main] org.apache.catalina.startup.VersionLoggerListener.log OS Version:            6.2
08-Jan-2018 15:16:42.962 INFO [main] org.apache.catalina.startup.VersionLoggerListener.log Architecture:          amd64
08-Jan-2018 15:16:42.962 INFO [main] org.apache.catalina.startup.VersionLoggerListener.log Java Home:             Q:\Java\jdk1.7.0_51\jre
08-Jan-2018 15:16:42.962 INFO [main] org.apache.catalina.startup.VersionLoggerListener.log JVM Version:           1.7.0_51-b13
08-Jan-2018 15:16:42.962 INFO [main] org.apache.catalina.startup.VersionLoggerListener.log JVM Vendor:            Oracle Corporation
08-Jan-2018 15:16:42.962 INFO [main] org.apache.catalina.startup.VersionLoggerListener.log CATALINA_BASE:         Q:\Java\apache-tomcat-8.5.24
08-Jan-2018 15:16:42.962 INFO [main] org.apache.catalina.startup.VersionLoggerListener.log CATALINA_HOME:         Q:\Java\apache-tomcat-8.5.24
08-Jan-2018 15:16:42.962 INFO [main] org.apache.catalina.startup.VersionLoggerListener.log Command line argument: -Djava.util.logging.config.file=Q:\Java\apache-tomcat-8.5.24\conf\logging.properties
08-Jan-2018 15:16:42.962 INFO [main] org.apache.catalina.startup.VersionLoggerListener.log Command line argument: -Djava.util.logging.manager=org.apache.juli.ClassLoaderLogManager
08-Jan-2018 15:16:42.962 INFO [main] org.apache.catalina.startup.VersionLoggerListener.log Command line argument: -Djdk.tls.ephemeralDHKeySize=2048
08-Jan-2018 15:16:42.962 INFO [main] org.apache.catalina.startup.VersionLoggerListener.log Command line argument: -Djava.protocol.handler.pkgs=org.apache.catalina.webresources
08-Jan-2018 15:16:42.962 INFO [main] org.apache.catalina.startup.VersionLoggerListener.log Command line argument: -Dignore.endorsed.dirs=
08-Jan-2018 15:16:42.962 INFO [main] org.apache.catalina.startup.VersionLoggerListener.log Command line argument: -Dcatalina.base=Q:\Java\apache-tomcat-8.5.24
08-Jan-2018 15:16:42.962 INFO [main] org.apache.catalina.startup.VersionLoggerListener.log Command line argument: -Dcatalina.home=Q:\Java\apache-tomcat-8.5.24
08-Jan-2018 15:16:42.962 INFO [main] org.apache.catalina.startup.VersionLoggerListener.log Command line argument: -Djava.io.tmpdir=Q:\Java\apache-tomcat-8.5.24\temp
08-Jan-2018 15:16:42.962 INFO [main] org.apache.catalina.core.AprLifecycleListener.lifecycleEvent The APR based Apache Tomcat Native library which allows optimal performance in production environments was not found on the java.library.path: [Q:\Java\jdk1.7.0_51\bin;C:\Windows\Sun\Java\bin;C:\Windows\system32;C:\Windows;Q:\Java\jdk1.7.0_51\bin;Q:\Java\apache-tomcat-8.5.24\bin;Q:\Java\jdk1.7.0_51\bin;Q:\Java\apache-tomcat-8.5.24\bin;C:\Program Files (x86)\NVIDIA Corporation\PhysX\Common;C:\PROGRA~1\PTC\UTILIT~1\MKSTOO~1\bin64;C:\PROGRA~1\PTC\UTILIT~1\MKSTOO~1\bin;C:\PROGRA~1\PTC\UTILIT~1\MKSTOO~1\bin\X11;C:\PROGRA~1\PTC\UTILIT~1\MKSTOO~1\mksnt;C:\Windows\system32;C:\Windows;C:\Windows\System32\Wbem;C:\Windows\System32\WindowsPowerShell\v1.0\;C:\Programs\OpenSim 3.3\bin;C:\ProgramData\Oracle\Java\javapath;C:\Program Files\IBM\ILOG\CPLEX_Studio1261\opl\bin\x64_win64;C:\Program Files\IBM\ILOG\CPLEX_Studio1261\opl\oplide\;C:\Program Files\IBM\ILOG\CPLEX_Studio1261\cplex\bin\x64_win64;C:\Program Files\IBM\ILOG\CPLEX_Studio1261\cpoptimizer\bin\x64_win64;C:\Program Files (x86)\QuickTime\QTSystem\;C:\Program Files\MATLAB\R2017a\runtime\win64;C:\Program Files\MATLAB\R2017a\bin;C:\Program Files\Microsoft\Web Platform Installer\;C:\Program Files (x86)\Microsoft ASP.NET\ASP.NET Web Pages\v1.0\;C:\Program Files (x86)\Windows Kits\8.0\Windows Performance Toolkit\;C:\Program Files\Microsoft SQL Server\110\Tools\Binn\;C:\Program Files\Git\cmd;C:\Program Files (x86)\MiKTeX 2.9\miktex\bin\;C:\Program Files (x86)\LyX 2.2\Perl\bin;C:\Programs\Dwimperl\perl\bin;C:\Programs\Dwimperl\perl\site\bin;C:\Programs\Dwimperl\c\bin;C:\Program Files\PuTTY\;C:\Program Files\SAP\SAP Business One DI API\JCO\LIB\;C:\Program Files\SAP\SAP Business One DI API\DI API 90;C:\Program Files\SAP\SAP Business One\;C:\Program Files\TortoiseSVN\bin;C:\Program Files (x86)\Windows Kits\8.1\Windows Performance Toolkit\;C:\Users\nserrano\AppData\Local\Microsoft\WindowsApps;;.]
08-Jan-2018 15:16:43.179 INFO [main] org.apache.coyote.AbstractProtocol.init Initializing ProtocolHandler ["http-nio-8080"]
08-Jan-2018 15:16:43.211 INFO [main] org.apache.tomcat.util.net.NioSelectorPool.getSharedSelector Using a shared selector for servlet write/read
08-Jan-2018 15:16:43.226 INFO [main] org.apache.coyote.AbstractProtocol.init Initializing ProtocolHandler ["ajp-nio-8009"]
08-Jan-2018 15:16:43.226 INFO [main] org.apache.tomcat.util.net.NioSelectorPool.getSharedSelector Using a shared selector for servlet write/read
08-Jan-2018 15:16:43.226 INFO [main] org.apache.catalina.startup.Catalina.load Initialization processed in 802 ms
08-Jan-2018 15:16:43.273 INFO [main] org.apache.catalina.core.StandardService.startInternal Starting service [Catalina]
08-Jan-2018 15:16:43.273 INFO [main] org.apache.catalina.core.StandardEngine.startInternal Starting Servlet Engine: Apache Tomcat/8.5.24
08-Jan-2018 15:16:43.320 INFO [localhost-startStop-1] org.apache.catalina.startup.HostConfig.deployDirectory Deploying web application directory [Q:\Java\apache-tomcat-8.5.24\webapps\docs]
08-Jan-2018 15:16:48.853 WARNING [localhost-startStop-1] org.apache.catalina.util.SessionIdGeneratorBase.createSecureRandom Creation of SecureRandom instance for session ID generation using [SHA1PRNG] took [5,002] milliseconds.
08-Jan-2018 15:16:48.900 INFO [localhost-startStop-1] org.apache.catalina.startup.HostConfig.deployDirectory Deployment of web application directory [Q:\Java\apache-tomcat-8.5.24\webapps\docs] has finished in [5,580] ms
08-Jan-2018 15:16:48.900 INFO [localhost-startStop-1] org.apache.catalina.startup.HostConfig.deployDirectory Deploying web application directory [Q:\Java\apache-tomcat-8.5.24\webapps\examples]
08-Jan-2018 15:16:50.571 SEVERE [main] org.apache.catalina.startup.Catalina.stopServer Could not contact [localhost:[8005]]. Tomcat may not be running.
08-Jan-2018 15:16:51.383 SEVERE [main] org.apache.catalina.startup.Catalina.stopServer Catalina.stop: 
 java.net.ConnectException: Connection refused: connect
	at java.net.DualStackPlainSocketImpl.connect0(Native Method)
	at java.net.DualStackPlainSocketImpl.socketConnect(DualStackPlainSocketImpl.java:79)
	at java.net.AbstractPlainSocketImpl.doConnect(AbstractPlainSocketImpl.java:339)
	at java.net.AbstractPlainSocketImpl.connectToAddress(AbstractPlainSocketImpl.java:200)
	at java.net.AbstractPlainSocketImpl.connect(AbstractPlainSocketImpl.java:182)
	at java.net.PlainSocketImpl.connect(PlainSocketImpl.java:172)
	at java.net.SocksSocketImpl.connect(SocksSocketImpl.java:392)
	at java.net.Socket.connect(Socket.java:579)
	at java.net.Socket.connect(Socket.java:528)
	at java.net.Socket.<init>(Socket.java:425)
	at java.net.Socket.<init>(Socket.java:208)
	at org.apache.catalina.startup.Catalina.stopServer(Catalina.java:491)
	at sun.reflect.NativeMethodAccessorImpl.invoke0(Native Method)
	at sun.reflect.NativeMethodAccessorImpl.invoke(NativeMethodAccessorImpl.java:57)
	at sun.reflect.DelegatingMethodAccessorImpl.invoke(DelegatingMethodAccessorImpl.java:43)
	at java.lang.reflect.Method.invoke(Method.java:606)
	at org.apache.catalina.startup.Bootstrap.stopServer(Bootstrap.java:406)
	at org.apache.catalina.startup.Bootstrap.main(Bootstrap.java:495)

08-Jan-2018 15:16:52.040 INFO [localhost-startStop-1] org.apache.catalina.startup.HostConfig.deployDirectory Deployment of web application directory [Q:\Java\apache-tomcat-8.5.24\webapps\examples] has finished in [3,140] ms
08-Jan-2018 15:16:52.040 INFO [localhost-startStop-1] org.apache.catalina.startup.HostConfig.deployDirectory Deploying web application directory [Q:\Java\apache-tomcat-8.5.24\webapps\host-manager]
08-Jan-2018 15:16:52.243 INFO [localhost-startStop-1] org.apache.catalina.startup.HostConfig.deployDirectory Deployment of web application directory [Q:\Java\apache-tomcat-8.5.24\webapps\host-manager] has finished in [203] ms
08-Jan-2018 15:16:52.243 INFO [localhost-startStop-1] org.apache.catalina.startup.HostConfig.deployDirectory Deploying web application directory [Q:\Java\apache-tomcat-8.5.24\webapps\manager]
08-Jan-2018 15:16:52.399 INFO [localhost-startStop-1] org.apache.catalina.startup.HostConfig.deployDirectory Deployment of web application directory [Q:\Java\apache-tomcat-8.5.24\webapps\manager] has finished in [156] ms
08-Jan-2018 15:16:52.399 INFO [localhost-startStop-1] org.apache.catalina.startup.HostConfig.deployDirectory Deploying web application directory [Q:\Java\apache-tomcat-8.5.24\webapps\ROOT]
08-Jan-2018 15:16:52.540 INFO [localhost-startStop-1] org.apache.catalina.startup.HostConfig.deployDirectory Deployment of web application directory [Q:\Java\apache-tomcat-8.5.24\webapps\ROOT] has finished in [141] ms
08-Jan-2018 15:16:52.540 INFO [main] org.apache.coyote.AbstractProtocol.start Starting ProtocolHandler ["http-nio-8080"]
08-Jan-2018 15:16:52.555 INFO [main] org.apache.coyote.AbstractProtocol.start Starting ProtocolHandler ["ajp-nio-8009"]
08-Jan-2018 15:16:52.555 INFO [main] org.apache.catalina.startup.Catalina.start Server startup in 9332 ms
08-Jan-2018 15:17:06.785 INFO [main] org.apache.catalina.core.StandardServer.await A valid shutdown command was received via the shutdown port. Stopping the Server instance.
08-Jan-2018 15:17:06.785 INFO [main] org.apache.coyote.AbstractProtocol.pause Pausing ProtocolHandler ["http-nio-8080"]
08-Jan-2018 15:17:06.895 INFO [main] org.apache.coyote.AbstractProtocol.pause Pausing ProtocolHandler ["ajp-nio-8009"]
08-Jan-2018 15:17:06.989 INFO [main] org.apache.catalina.core.StandardService.stopInternal Stopping service [Catalina]
08-Jan-2018 15:17:07.020 WARNING [localhost-startStop-2] org.apache.catalina.loader.WebappClassLoaderBase.clearReferencesThreads The web application [docs] appears to have started a thread named [SeedGenerator Thread] but has failed to stop it. This is very likely to create a memory leak. Stack trace of thread:
 java.lang.Object.wait(Native Method)
 java.lang.Object.wait(Object.java:503)
 sun.security.provider.SeedGenerator$ThreadedSeedGenerator.run(SeedGenerator.java:296)
 java.lang.Thread.run(Thread.java:744)
08-Jan-2018 15:17:07.020 INFO [main] org.apache.coyote.AbstractProtocol.stop Stopping ProtocolHandler ["http-nio-8080"]
08-Jan-2018 15:17:07.035 INFO [main] org.apache.coyote.AbstractProtocol.stop Stopping ProtocolHandler ["ajp-nio-8009"]
08-Jan-2018 15:17:07.035 INFO [main] org.apache.coyote.AbstractProtocol.destroy Destroying ProtocolHandler ["http-nio-8080"]
08-Jan-2018 15:17:07.035 INFO [main] org.apache.coyote.AbstractProtocol.destroy Destroying ProtocolHandler ["ajp-nio-8009"]
